[14:40:35] [ServerMain/INFO]: [bootstrap] Running Java 21 (OpenJDK 64-Bit Server VM 21.0.11+10-1-24.04.2-Ubuntu; Ubuntu null) on Linux 6.8.0-1052-azure (amd64)
[14:40:35] [ServerMain/INFO]: [bootstrap] Loading Paper 1.21.11-99-main@81b9122 (2026-01-20T19:08:30Z) for Minecraft 1.21.11
[14:40:35] [ServerMain/INFO]: [PluginInitializerManager] Initializing plugins...
[14:40:35] [ServerMain/INFO]: [PluginInitializerManager] Initialized 0 plugins
[14:40:42] [ServerMain/INFO]: Environment: Environment[sessionHost=https://sessionserver.mojang.com, servicesHost=https://api.minecraftservices.com, profilesHost=https://api.mojang.com, name=PROD]
[14:40:44] [ServerMain/INFO]: Loaded 1470 recipes
[14:40:44] [ServerMain/INFO]: Loaded 1584 advancements
[14:40:44] [ServerMain/INFO]: [ca.spottedleaf.dataconverter.minecraft.datatypes.MCTypeRegistry] Initialising converters for DataConverter...
[14:40:44] [ServerMain/INFO]: [ca.spottedleaf.dataconverter.minecraft.datatypes.MCTypeRegistry] Finished initialising converters for DataConverter in 399.2ms
[14:40:44] [Server thread/INFO]: Starting minecraft server version 1.21.11
[14:40:44] [Server thread/INFO]: Loading properties
[14:40:44] [Server thread/INFO]: This server is running Paper version 1.21.11-99-main@81b9122 (2026-01-20T19:08:30Z) (Implementing API version 1.21.11-R0.1-SNAPSHOT)
[14:40:44] [Server thread/INFO]: [spark] This server bundles the spark profiler. For more information please visit https://docs.papermc.io/paper/profiling
[14:40:44] [Server thread/INFO]: Server Ping Player Sample Count: 12
[14:40:44] [Server thread/INFO]: Using 4 threads for Netty based IO
[14:40:45] [Server thread/INFO]: [MoonriseCommon] Paper is using 1 worker threads, 1 I/O threads
[14:40:46] [Server thread/INFO]: Default game type: SURVIVAL
[14:40:46] [Server thread/INFO]: Generating keypair
[14:40:46] [Server thread/INFO]: Starting Minecraft server on *:25565
[14:40:46] [Server thread/INFO]: Paper: Using libdeflate (Linux x86_64) compression from Velocity.
[14:40:46] [Server thread/INFO]: Paper: Using OpenSSL 3.x.x (Linux x86_64) cipher from Velocity.
[14:40:46] [Server thread/INFO]: Server permissions file permissions.yml is empty, ignoring it
[14:40:46] [Server thread/WARN]: **** SERVER IS RUNNING IN OFFLINE/INSECURE MODE!
[14:40:46] [Server thread/WARN]: The server will make no attempt to authenticate usernames. Beware.
[14:40:46] [Server thread/WARN]: While this makes the game possible to play without internet access, it also opens up the ability for hackers to connect with any username they choose.
[14:40:46] [Server thread/WARN]: To change this, set "online-mode" to "true" in the server.properties file.
[14:40:46] [Server thread/INFO]: Preparing level "world"
[14:40:46] [Server thread/INFO]: [ca.spottedleaf.moonrise.common.util.MoonriseConstants] NUMA enable flag is not set; however there is NUMA interaction support for this OS.
[14:40:46] [Server thread/INFO]: [ca.spottedleaf.moonrise.common.util.MoonriseConstants] Detected 1 NUMA nodes.
[14:40:46] [Server thread/INFO]: Loading 0 persistent chunks for world 'minecraft:overworld'...
[14:40:46] [Server thread/INFO]: Preparing spawn area: 100%
[14:40:46] [Server thread/INFO]: Prepared spawn area in 2 ms
[14:40:46] [Server thread/INFO]: Loading 0 persistent chunks for world 'minecraft:the_nether'...
[14:40:46] [Server thread/INFO]: Prepared spawn area in 0 ms
[14:40:46] [Server thread/INFO]: Loading 0 persistent chunks for world 'minecraft:the_end'...
[14:40:46] [Server thread/INFO]: Prepared spawn area in 0 ms
[14:40:46] [Server thread/INFO]: Done preparing level "world" (0.515s)
[14:40:47] [Server thread/INFO]: [spark] Starting background profiler...
[14:40:47] [Server thread/INFO]: Running delayed init tasks
[14:40:47] [Server thread/INFO]: Done (12.689s)! For help, type "help"
[14:40:47] [Paper Async Task Handler Thread - 1/WARN]: *** You are running an outdated version of Minecraft, which is 2 release(s) and 33 build(s) behind!
[14:40:47] [Paper Async Task Handler Thread - 1/WARN]: *** Please update to the latest stable version on https://papermc.io/downloads/paper ***
[14:41:23] [Server thread/INFO]: Stopping the server
[14:41:23] [Server thread/INFO]: Stopping server
[14:41:23] [Server thread/INFO]: Saving players
[14:41:23] [Server thread/INFO]: Saving worlds
[14:41:23] [Server thread/INFO]: Saving chunks for level 'ServerLevel[world]'/minecraft:overworld
[14:41:23] [Server thread/INFO]: [ChunkHolderManager] Waiting 60s for chunk system to halt for world 'world'
[14:41:23] [Server thread/INFO]: [ChunkHolderManager] Halted chunk system for world 'world'
[14:41:23] [Server thread/INFO]: [ChunkHolderManager] Saving all chunkholders for world 'world'
[14:41:23] [Server thread/INFO]: [ChunkHolderManager] Saved 0 block chunks, 0 entity chunks, 0 poi chunks in world 'world' in 0.00s
[14:41:23] [Server thread/INFO]: [ChunkHolderManager] Waiting 60s for chunk I/O to halt for world 'world'
[14:41:23] [Server thread/INFO]: [ChunkHolderManager] Halted I/O scheduler for world 'world'
[14:41:23] [Server thread/INFO]: Saving chunks for level 'ServerLevel[world_nether]'/minecraft:the_nether
[14:41:23] [Server thread/INFO]: [ChunkHolderManager] Waiting 60s for chunk system to halt for world 'world_nether'
[14:41:23] [Server thread/INFO]: [ChunkHolderManager] Halted chunk system for world 'world_nether'
[14:41:23] [Server thread/INFO]: [ChunkHolderManager] Saving all chunkholders for world 'world_nether'
[14:41:23] [Server thread/INFO]: [ChunkHolderManager] Saved 0 block chunks, 0 entity chunks, 0 poi chunks in world 'world_nether' in 0.00s
[14:41:23] [Server thread/INFO]: [ChunkHolderManager] Waiting 60s for chunk I/O to halt for world 'world_nether'
[14:41:23] [Server thread/INFO]: [ChunkHolderManager] Halted I/O scheduler for world 'world_nether'
[14:41:23] [Server thread/INFO]: Saving chunks for level 'ServerLevel[world_the_end]'/minecraft:the_end
[14:41:23] [Server thread/INFO]: [ChunkHolderManager] Waiting 60s for chunk system to halt for world 'world_the_end'
[14:41:23] [Server thread/INFO]: [ChunkHolderManager] Halted chunk system for world 'world_the_end'
[14:41:23] [Server thread/INFO]: [ChunkHolderManager] Saving all chunkholders for world 'world_the_end'
[14:41:23] [Server thread/INFO]: [ChunkHolderManager] Saved 0 block chunks, 0 entity chunks, 0 poi chunks in world 'world_the_end' in 0.00s
[14:41:23] [Server thread/INFO]: [ChunkHolderManager] Waiting 60s for chunk I/O to halt for world 'world_the_end'
[14:41:23] [Server thread/INFO]: [ChunkHolderManager] Halted I/O scheduler for world 'world_the_end'
[14:41:23] [Server thread/INFO]: ThreadedAnvilChunkStorage (world): All chunks are saved
[14:41:23] [Server thread/INFO]: ThreadedAnvilChunkStorage (DIM-1): All chunks are saved
[14:41:23] [Server thread/INFO]: ThreadedAnvilChunkStorage (DIM1): All chunks are saved
[14:41:23] [Server thread/INFO]: ThreadedAnvilChunkStorage: All dimensions are saved
[14:41:23] [Server thread/INFO]: Waiting for all RegionFile I/O tasks to complete...
[14:41:23] [Server thread/INFO]: All RegionFile I/O tasks to complete
[14:41:23] [Server thread/INFO]: [MoonriseCommon] Awaiting termination of worker pool for up to 60s...
[14:41:23] [Server thread/INFO]: [MoonriseCommon] Awaiting termination of I/O pool for up to 60s...
